2025-01-03 02:32:14,025 - INFO - Step 100, Loss: 0.731421172618866
2025-01-03 02:33:18,626 - INFO - Step 200, Loss: 0.7287076115608215
2025-01-03 02:34:23,354 - INFO - Step 300, Loss: 0.4047616422176361
2025-01-03 02:35:28,050 - INFO - Step 400, Loss: 0.6041352152824402
2025-01-03 02:36:32,691 - INFO - Step 500, Loss: 0.5976715087890625
2025-01-03 02:37:37,297 - INFO - Step 600, Loss: 0.7487366795539856
2025-01-03 02:38:41,924 - INFO - Step 700, Loss: 0.60698002576828
2025-01-03 02:39:46,679 - INFO - Step 800, Loss: 0.8062782287597656
2025-01-03 02:40:51,330 - INFO - Step 900, Loss: 0.8121353983879089
2025-01-03 02:41:55,850 - INFO - Step 1000, Loss: 0.6666339039802551
2025-01-03 02:46:46,262 - INFO - Step 1000, Validation Loss: 0.6085546954271662, Precision: 0.7489484448237466, Recall: 0.7676353657249411, F1: 0.756464753264089
2025-01-03 02:46:46,263 - INFO - 
Classification Report at step 1000:
              precision    recall  f1-score   support

     Class 0     0.7184    0.7359    0.7271      5332
     Class 1     0.4124    0.2684    0.3252      2992
     Class 2     0.4665    0.4021    0.4319      4171
     Class 3     0.4762    0.4201    0.4464      7884
     Class 4     0.8723    0.9302    0.9003     36467

    accuracy                         0.7676     56846
   macro avg     0.5892    0.5513    0.5662     56846
weighted avg     0.7489    0.7676    0.7565     56846

2025-01-03 02:46:49,068 - INFO - Best model saved at step 1000 with validation loss: 0.6085546954271662, F1: 0.756464753264089
2025-01-03 02:47:54,590 - INFO - Step 1100, Loss: 0.6345170140266418
2025-01-03 02:48:59,296 - INFO - Step 1200, Loss: 0.5708602070808411
2025-01-03 02:50:04,088 - INFO - Step 1300, Loss: 0.43292269110679626
2025-01-03 02:51:08,791 - INFO - Step 1400, Loss: 0.5669158101081848
2025-01-03 02:52:13,625 - INFO - Step 1500, Loss: 0.6262505650520325
2025-01-03 02:53:18,579 - INFO - Step 1600, Loss: 0.47182750701904297
2025-01-03 02:54:23,310 - INFO - Step 1700, Loss: 0.5405036807060242
2025-01-03 02:55:27,933 - INFO - Step 1800, Loss: 0.5867287516593933
2025-01-03 02:56:32,614 - INFO - Step 1900, Loss: 0.5302922129631042
2025-01-03 02:57:37,414 - INFO - Step 2000, Loss: 0.6967633366584778
2025-01-03 03:02:28,674 - INFO - Step 2000, Validation Loss: 0.5680447163964123, Precision: 0.76460866593906, Recall: 0.7824121310206523, F1: 0.7705628953263172
2025-01-03 03:02:28,675 - INFO - 
Classification Report at step 2000:
              precision    recall  f1-score   support

     Class 0     0.7470    0.7350    0.7410      5332
     Class 1     0.4311    0.3443    0.3828      2992
     Class 2     0.4877    0.4865    0.4871      4171
     Class 3     0.5483    0.3918    0.4570      7884
     Class 4     0.8730    0.9436    0.9069     36467

    accuracy                         0.7824     56846
   macro avg     0.6174    0.5802    0.5950     56846
weighted avg     0.7646    0.7824    0.7706     56846

2025-01-03 03:02:30,657 - INFO - Best model saved at step 2000 with validation loss: 0.5680447163964123, F1: 0.7705628953263172
2025-01-03 03:03:36,441 - INFO - Step 2100, Loss: 0.5621240735054016
2025-01-03 03:04:42,820 - INFO - Step 2200, Loss: 0.7937943339347839
2025-01-03 03:05:47,727 - INFO - Step 2300, Loss: 0.36381879448890686
2025-01-03 03:06:52,630 - INFO - Step 2400, Loss: 0.5580118298530579
2025-01-03 03:07:58,574 - INFO - Step 2500, Loss: 0.5172392725944519
2025-01-03 03:09:04,902 - INFO - Step 2600, Loss: 0.8294177651405334
2025-01-03 03:10:11,632 - INFO - Step 2700, Loss: 0.669621467590332
2025-01-03 03:11:18,756 - INFO - Step 2800, Loss: 0.49566808342933655
2025-01-03 03:12:24,082 - INFO - Step 2900, Loss: 0.5220863223075867
2025-01-03 03:13:29,702 - INFO - Step 3000, Loss: 0.5505755543708801
2025-01-03 03:18:24,222 - INFO - Step 3000, Validation Loss: 0.548733665017639, Precision: 0.7697673163944911, Recall: 0.7886394821095591, F1: 0.77189722837309
2025-01-03 03:18:24,223 - INFO - 
Classification Report at step 3000:
              precision    recall  f1-score   support

     Class 0     0.6569    0.8706    0.7488      5332
     Class 1     0.4929    0.1969    0.2813      2992
     Class 2     0.5266    0.5097    0.5180      4171
     Class 3     0.5664    0.4026    0.4706      7884
     Class 4     0.8808    0.9406    0.9097     36467

    accuracy                         0.7886     56846
   macro avg     0.6247    0.5841    0.5857     56846
weighted avg     0.7698    0.7886    0.7719     56846

2025-01-03 03:18:26,626 - INFO - Best model saved at step 3000 with validation loss: 0.548733665017639, F1: 0.77189722837309
2025-01-03 03:19:32,602 - INFO - Step 3100, Loss: 0.6348002552986145
2025-01-03 03:20:37,352 - INFO - Step 3200, Loss: 0.5247325301170349
2025-01-03 03:21:42,485 - INFO - Step 3300, Loss: 0.7514421343803406
2025-01-03 03:22:47,126 - INFO - Step 3400, Loss: 0.6418167948722839
2025-01-03 03:23:51,683 - INFO - Step 3500, Loss: 0.50348299741745
2025-01-03 03:24:56,411 - INFO - Step 3600, Loss: 0.5080655217170715
2025-01-03 03:26:01,138 - INFO - Step 3700, Loss: 0.6941080093383789
2025-01-03 03:27:05,682 - INFO - Step 3800, Loss: 0.4011826515197754
2025-01-03 03:28:10,655 - INFO - Step 3900, Loss: 0.590731143951416
2025-01-03 03:29:17,343 - INFO - Step 4000, Loss: 0.352090984582901
2025-01-03 03:34:13,883 - INFO - Step 4000, Validation Loss: 0.5329748708361814, Precision: 0.7810645979105654, Recall: 0.7949899729092637, F1: 0.7849880993085995
2025-01-03 03:34:13,884 - INFO - 
Classification Report at step 4000:
              precision    recall  f1-score   support

     Class 0     0.7136    0.8256    0.7655      5332
     Class 1     0.4741    0.3727    0.4173      2992
     Class 2     0.5169    0.5231    0.5200      4171
     Class 3     0.5820    0.4159    0.4851      7884
     Class 4     0.8894    0.9382    0.9131     36467

    accuracy                         0.7950     56846
   macro avg     0.6352    0.6151    0.6202     56846
weighted avg     0.7811    0.7950    0.7850     56846

2025-01-03 03:34:15,920 - INFO - Best model saved at step 4000 with validation loss: 0.5329748708361814, F1: 0.7849880993085995
2025-01-03 03:35:21,159 - INFO - Step 4100, Loss: 0.6023907661437988
2025-01-03 03:36:25,979 - INFO - Step 4200, Loss: 0.4578557014465332
2025-01-03 03:37:30,718 - INFO - Step 4300, Loss: 0.421090692281723
2025-01-03 03:38:35,458 - INFO - Step 4400, Loss: 0.6413933634757996
2025-01-03 03:39:40,208 - INFO - Step 4500, Loss: 0.43176570534706116
2025-01-03 03:40:44,726 - INFO - Step 4600, Loss: 0.608346164226532
2025-01-03 03:41:49,552 - INFO - Step 4700, Loss: 0.5092118382453918
2025-01-03 03:42:13,572 - INFO - Epoch 1, Learning Rate: 1.8e-05
2025-01-03 03:42:53,965 - INFO - Step 4800, Loss: 0.43066295981407166
2025-01-03 03:43:58,548 - INFO - Step 4900, Loss: 0.45329299569129944
2025-01-03 03:45:03,468 - INFO - Step 5000, Loss: 0.2806835174560547
2025-01-03 03:49:55,712 - INFO - Step 5000, Validation Loss: 0.522072232171956, Precision: 0.7870737526301784, Recall: 0.8031171938219048, F1: 0.7905568135029462
2025-01-03 03:49:55,714 - INFO - 
Classification Report at step 5000:
              precision    recall  f1-score   support

     Class 0     0.7448    0.8050    0.7737      5332
     Class 1     0.5252    0.3098    0.3897      2992
     Class 2     0.5277    0.5713    0.5486      4171
     Class 3     0.6020    0.4250    0.4983      7884
     Class 4     0.8844    0.9516    0.9168     36467

    accuracy                         0.8031     56846
   macro avg     0.6568    0.6125    0.6254     56846
weighted avg     0.7871    0.8031    0.7906     56846

2025-01-03 03:49:57,695 - INFO - Best model saved at step 5000 with validation loss: 0.522072232171956, F1: 0.7905568135029462
2025-01-03 03:51:02,958 - INFO - Step 5100, Loss: 0.5108875632286072
2025-01-03 03:52:07,656 - INFO - Step 5200, Loss: 0.521216094493866
2025-01-03 03:53:12,423 - INFO - Step 5300, Loss: 0.3542034327983856
2025-01-03 03:54:17,167 - INFO - Step 5400, Loss: 0.4161907136440277
2025-01-03 03:55:22,034 - INFO - Step 5500, Loss: 0.549710750579834
2025-01-03 03:56:26,624 - INFO - Step 5600, Loss: 0.5950921177864075
2025-01-03 03:57:31,272 - INFO - Step 5700, Loss: 0.45036038756370544
2025-01-03 03:58:36,174 - INFO - Step 5800, Loss: 0.7460400462150574
2025-01-03 03:59:40,741 - INFO - Step 5900, Loss: 0.45631662011146545
2025-01-03 04:00:45,424 - INFO - Step 6000, Loss: 0.6037893295288086
2025-01-03 04:05:37,266 - INFO - Step 6000, Validation Loss: 0.5189631992377309, Precision: 0.7925037689147344, Recall: 0.8071104387291982, F1: 0.7941741562540922
2025-01-03 04:05:37,267 - INFO - 
Classification Report at step 6000:
              precision    recall  f1-score   support

     Class 0     0.7158    0.8483    0.7764      5332
     Class 1     0.5673    0.2918    0.3853      2992
     Class 2     0.5391    0.5768    0.5573      4171
     Class 3     0.6128    0.4346    0.5085      7884
     Class 4     0.8900    0.9503    0.9192     36467

    accuracy                         0.8071     56846
   macro avg     0.6650    0.6203    0.6294     56846
weighted avg     0.7925    0.8071    0.7942     56846

2025-01-03 04:05:39,733 - INFO - Best model saved at step 6000 with validation loss: 0.5189631992377309, F1: 0.7941741562540922
2025-01-03 04:06:45,186 - INFO - Step 6100, Loss: 0.518739640712738
2025-01-03 04:07:49,815 - INFO - Step 6200, Loss: 0.37765756249427795
2025-01-03 04:08:54,391 - INFO - Step 6300, Loss: 0.6507339477539062
2025-01-03 04:09:58,995 - INFO - Step 6400, Loss: 0.35353660583496094
2025-01-03 04:11:03,570 - INFO - Step 6500, Loss: 0.3534471094608307
2025-01-03 04:12:08,150 - INFO - Step 6600, Loss: 0.4091832637786865
2025-01-03 04:13:12,844 - INFO - Step 6700, Loss: 0.6686310768127441
2025-01-03 04:14:17,499 - INFO - Step 6800, Loss: 0.6226436495780945
2025-01-03 04:15:22,273 - INFO - Step 6900, Loss: 0.5675566792488098
2025-01-03 04:16:26,898 - INFO - Step 7000, Loss: 0.3414252698421478
2025-01-03 04:21:18,057 - INFO - Step 7000, Validation Loss: 0.5049432978977131, Precision: 0.7992450619217129, Recall: 0.8126517257150899, F1: 0.7986127208687333
2025-01-03 04:21:18,058 - INFO - 
Classification Report at step 7000:
              precision    recall  f1-score   support

     Class 0     0.7740    0.7973    0.7855      5332
     Class 1     0.5627    0.3553    0.4356      2992
     Class 2     0.5374    0.6317    0.5808      4171
     Class 3     0.6662    0.3989    0.4990      7884
     Class 4     0.8811    0.9626    0.9200     36467

    accuracy                         0.8127     56846
   macro avg     0.6843    0.6292    0.6442     56846
weighted avg     0.7992    0.8127    0.7986     56846

2025-01-03 04:21:19,978 - INFO - Best model saved at step 7000 with validation loss: 0.5049432978977131, F1: 0.7986127208687333
2025-01-03 04:22:25,286 - INFO - Step 7100, Loss: 0.464087575674057
2025-01-03 04:23:29,974 - INFO - Step 7200, Loss: 0.40595388412475586
2025-01-03 04:24:34,613 - INFO - Step 7300, Loss: 0.4658215045928955
2025-01-03 04:25:39,624 - INFO - Step 7400, Loss: 0.5099584460258484
2025-01-03 04:26:44,480 - INFO - Step 7500, Loss: 0.3606198728084564
2025-01-03 04:27:49,168 - INFO - Step 7600, Loss: 0.6549652218818665
2025-01-03 04:28:53,924 - INFO - Step 7700, Loss: 0.44329002499580383
2025-01-03 04:29:59,035 - INFO - Step 7800, Loss: 0.6869518756866455
2025-01-03 04:31:03,644 - INFO - Step 7900, Loss: 0.44836124777793884
2025-01-03 04:32:08,546 - INFO - Step 8000, Loss: 0.3885928690433502
2025-01-03 04:36:59,164 - INFO - Step 8000, Validation Loss: 0.5146469387324047, Precision: 0.8034100061472488, Recall: 0.8111212750237484, F1: 0.8028536701621586
2025-01-03 04:36:59,165 - INFO - 
Classification Report at step 8000:
              precision    recall  f1-score   support

     Class 0     0.7442    0.8338    0.7865      5332
     Class 1     0.4683    0.4993    0.4833      2992
     Class 2     0.5348    0.5509    0.5427      4171
     Class 3     0.6667    0.4238    0.5182      7884
     Class 4     0.8998    0.9469    0.9228     36467

    accuracy                         0.8111     56846
   macro avg     0.6628    0.6510    0.6507     56846
weighted avg     0.8034    0.8111    0.8029     56846

